<?xml version="1.0" encoding="UTF-8"?>
<!-- Generated by org.testng.reporters.JUnitReportReporter -->
<testsuite hostname="AbhinayRock" failures="0" tests="1" name="neoStox_TestClass.ValidateNeoStoxUserName" time="34.938" errors="0" timestamp="2022-12-23T16:07:12 IST" skipped="0">
  <testcase classname="neoStox_TestClass.ValidateNeoStoxUserName" name="validateUserName" time="34.938"/>
  <system-out>
    <![CDATA[reading expUserName from property file
waiting for 1000ms...
waiting for 1000ms...
taking screenshot...
getting actual user name is Juber Khan...
Validate user name passed...
TC validateUserName is passed...]]>
  </system-out>
</testsuite> <!-- neoStox_TestClass.ValidateNeoStoxUserName -->
