<?xml version="1.0" encoding="UTF-8"?>
<!-- Generated by org.testng.reporters.JUnitReportReporter -->
<testsuite hostname="AbhinayRock" failures="0" tests="1" name="neoStox_TestClass.ValidateNeoStoxAccBalance" time="56.830" errors="0" timestamp="2022-12-23T16:07:12 IST" skipped="0">
  <testcase classname="neoStox_TestClass.ValidateNeoStoxAccBalance" name="showAvailableFunds" time="56.830"/>
  <system-out>
    <![CDATA[waiting for 1000ms...
getting available account balance is Rs.4,99,658.77...
waiting for 1000ms...
taking screenshot...
Validate available funds passed...
TC showAvailableFunds is passed...]]>
  </system-out>
</testsuite> <!-- neoStox_TestClass.ValidateNeoStoxAccBalance -->
